#
# A fatal error has been detected by the Java Runtime Environment:
#
#  SIGSEGV (0xb) at pc=0x00000001108c6006, pid=26998, tid=0x0000000000002803
#
# JRE version: Java(TM) SE Runtime Environment (8.0_172-b11) (build 1.8.0_172-b11)
# Java VM: Java HotSpot(TM) 64-Bit Server VM (25.172-b11 mixed mode bsd-amd64 compressed oops)
# Problematic frame:
# V  [libjvm.dylib+0x2c6006]  void PSParallelCompact::mark_and_push<unsigned int>(ParCompactionManager*, unsigned int*)+0x58
#
# Failed to write core dump. Core dumps have been disabled. To enable core dumping, try "ulimit -c unlimited" before starting Java again
#
# If you would like to submit a bug report, please visit:
#   http://bugreport.java.com/bugreport/crash.jsp
#

---------------  T H R E A D  ---------------

Current thread (0x00007fdaff80f800):  GCTaskThread [stack: 0x00007000071c9000,0x00007000072c9000] [id=10243]

siginfo: si_signo: 11 (SIGSEGV), si_code: 0 (unknown), si_addr: 0x0000000000000000

Registers:
RAX=0x0000000111b76000, RBX=0x00007fdafde165d0, RCX=0x03fffffff8000060, RDX=0x1fffffffc000032a
RSP=0x00007000072c8be0, RBP=0x00007000072c8c00, RSI=0x0000000786ebf8c4, RDI=0x00007fdafde165d0
R8 =0x00000000000000dd, R9 =0x000000000000257c, R10=0x0000000800401201, R11=0x0000000004000000
R12=0x0000000786ebf8c4, R13=0x0000000786ebf8cc, R14=0x0000000580001950, R15=0x00000007c001c538
RIP=0x00000001108c6006, EFLAGS=0x0000000000010206, ERR=0x0000000000000000
  TRAPNO=0x000000000000000d

Top of Stack: (sp=0x00007000072c8be0)
0x00007000072c8be0:   00007fdafde165d0 00007fdafde165d0
0x00007000072c8bf0:   00000007c001c530 00000007c001c538
0x00007000072c8c00:   00007000072c8c50 00000001108c2b41
0x00007000072c8c10:   00007fdafde165d0 0000000786ebf8b0
0x00007000072c8c20:   0000000000000000 00007fdafde165d0
0x00007000072c8c30:   0000000786ebf8b0 0000000110c18dfb
0x00007000072c8c40:   00007fdafde165d8 0000000110e46cc0
0x00007000072c8c50:   00007000072c8ce0 0000000110ac0d38
0x00007000072c8c60:   00007fdafde0f668 00007fdafde16610
0x00007000072c8c70:   00007fdafde16658 00007fdafde16690
0x00007000072c8c80:   00007000072c8cb0 00000001108c6123
0x00007000072c8c90:   0000000786ebf8b0 00007000072c8d88
0x00007000072c8ca0:   0000000000000078 0000000110f108d0
0x00007000072c8cb0:   00007000072c8ce0 00007fdafde165d0
0x00007000072c8cc0:   0000000000000000 0000000110c18dfb
0x00007000072c8cd0:   00007000072c8d88 0000000000000001
0x00007000072c8ce0:   00007000072c8db0 0000000110ab37f7
0x00007000072c8cf0:   00007000072c8d60 00007fff8bd824ce
0x00007000072c8d00:   0000000000000000 0000000000000000
0x00007000072c8d10:   0000000000000000 00007fdafde0e668
0x00007000072c8d20:   0000000000000000 0000000010e2b500
0x00007000072c8d30:   0000700000000000 00007fdafde0e600
0x00007000072c8d40:   0000000000000000 0000000110bf5778
0x00007000072c8d50:   00007fdafde0e628 0000000000000003
0x00007000072c8d60:   00007000072c8d80 0000000110a8ae7a
0x00007000072c8d70:   0000000110edf490 00007fdafde0c700
0x00007000072c8d80:   00007000072c8d88 0000000110edf460
0x00007000072c8d90:   00007fdafde0c700 00007fdafde165d0
0x00007000072c8da0:   00007fdaff80f800 00007fdafdd04950
0x00007000072c8db0:   00007000072c8e90 0000000110878e1f
0x00007000072c8dc0:   00007000072c8df0 00007fdafde0ead0
0x00007000072c8dd0:   00007fdafde0eb00 00007fdafde0eb10 

Instructions: (pc=0x00000001108c6006)
0x00000001108c5fe6:   10 48 c1 ea 03 48 8d 0d 96 53 56 00 8a 09 48 d3
0x00000001108c5ff6:   ea 48 89 d1 48 83 e1 c0 48 c1 e9 03 48 8b 40 30
0x00000001108c6006:   48 8b 04 08 48 0f a3 d0 72 5d 4c 89 f7 e8 58 57
0x00000001108c6016:   ee ff 4c 63 f8 48 8d 3d be 4a 63 00 4c 89 f6 4c 

Register to memory mapping:

RAX=0x0000000111b76000 is an unknown value
RBX=0x00007fdafde165d0 is an unknown value
RCX=0x03fffffff8000060 is an unknown value
RDX=0x1fffffffc000032a is an unknown value
RSP=0x00007000072c8be0 is an unknown value
RBP=0x00007000072c8c00 is an unknown value
RSI=0x0000000786ebf8c4 is pointing into object: 0x0000000786ebf8b0
java.util.HashMap$Node 
 - klass: 'java/util/HashMap$Node'
RDI=0x00007fdafde165d0 is an unknown value
R8 =0x00000000000000dd is an unknown value
R9 =0x000000000000257c is an unknown value
R10=0x0000000800401201 is an unknown value
R11=0x0000000004000000 is an unknown value
R12=0x0000000786ebf8c4 is pointing into object: 0x0000000786ebf8b0
java.util.HashMap$Node 
 - klass: 'java/util/HashMap$Node'
R13=0x0000000786ebf8cc is pointing into object: 0x0000000786ebf8b0
java.util.HashMap$Node 
 - klass: 'java/util/HashMap$Node'
R14=0x0000000580001950 is an unknown value
R15=0x00000007c001c538 is pointing into metadata


Stack: [0x00007000071c9000,0x00007000072c9000],  sp=0x00007000072c8be0,  free space=1022k
Native frames: (J=compiled Java code, j=interpreted, Vv=VM code, C=native code)
V  [libjvm.dylib+0x2c6006]  void PSParallelCompact::mark_and_push<unsigned int>(ParCompactionManager*, unsigned int*)+0x58
V  [libjvm.dylib+0x2c2b41]  InstanceKlass::oop_follow_contents(ParCompactionManager*, oopDesc*)+0x10d
V  [libjvm.dylib+0x4c0d38]  ParCompactionManager::follow_marking_stacks()+0xb4
V  [libjvm.dylib+0x4b37f7]  MarkFromRootsTask::do_it(GCTaskManager*, unsigned int)+0x1b9
V  [libjvm.dylib+0x278e1f]  GCTaskThread::run()+0x1a1
V  [libjvm.dylib+0x48f2f6]  java_start(Thread*)+0xf6
C  [libsystem_pthread.dylib+0x393b]  _pthread_body+0xb4
C  [libsystem_pthread.dylib+0x3887]  _pthread_body+0x0
C  [libsystem_pthread.dylib+0x308d]  thread_start+0xd


---------------  P R O C E S S  ---------------

Java Threads: ( => current thread )
  0x00007fdb0aff7000 JavaThread "ForkJoinPool.commonPool-worker-23" daemon [_thread_blocked, id=47363, stack(0x000070000b1b2000,0x000070000b2b2000)]
  0x00007fdb097f7000 JavaThread "ForkJoinPool.commonPool-worker-30" daemon [_thread_blocked, id=46851, stack(0x000070000b0af000,0x000070000b1af000)]
  0x00007fdaff376800 JavaThread "ForkJoinPool.commonPool-worker-20" daemon [_thread_blocked, id=46339, stack(0x000070000afac000,0x000070000b0ac000)]
  0x00007fdb0a533000 JavaThread "ForkJoinPool.commonPool-worker-27" daemon [_thread_blocked, id=45827, stack(0x000070000aea9000,0x000070000afa9000)]
  0x00007fdaff105000 JavaThread "ForkJoinPool.commonPool-worker-19" daemon [_thread_blocked, id=45315, stack(0x000070000ada6000,0x000070000aea6000)]
  0x00007fdaff5c4800 JavaThread "ForkJoinPool.commonPool-worker-18" daemon [_thread_blocked, id=44803, stack(0x000070000aca3000,0x000070000ada3000)]
  0x00007fdb08d90000 JavaThread "ForkJoinPool.commonPool-worker-8" daemon [_thread_blocked, id=44291, stack(0x000070000aba0000,0x000070000aca0000)]
  0x00007fdb01797800 JavaThread "ForkJoinPool.commonPool-worker-15" daemon [_thread_blocked, id=43779, stack(0x000070000aa9d000,0x000070000ab9d000)]
  0x00007fdb05ff7000 JavaThread "ForkJoinPool.commonPool-worker-13" daemon [_thread_blocked, id=43267, stack(0x000070000a99a000,0x000070000aa9a000)]
  0x00007fdb05dc2800 JavaThread "ForkJoinPool.commonPool-worker-9" daemon [_thread_blocked, id=42755, stack(0x000070000a897000,0x000070000a997000)]
  0x00007fdb03a57800 JavaThread "ForkJoinPool.commonPool-worker-14" daemon [_thread_blocked, id=42243, stack(0x000070000a794000,0x000070000a894000)]
  0x00007fdb0672a000 JavaThread "ForkJoinPool.commonPool-worker-12" daemon [_thread_blocked, id=41735, stack(0x000070000a691000,0x000070000a791000)]
  0x00007fdb07a3d000 JavaThread "ForkJoinPool.commonPool-worker-10" daemon [_thread_blocked, id=34823, stack(0x000070000a58e000,0x000070000a68e000)]
  0x00007fdb07a5a000 JavaThread "ForkJoinPool.commonPool-worker-11" daemon [_thread_blocked, id=34567, stack(0x000070000a48b000,0x000070000a58b000)]
  0x00007fdb06631800 JavaThread "ForkJoinPool.commonPool-worker-5" daemon [_thread_blocked, id=40967, stack(0x000070000a388000,0x000070000a488000)]
  0x00007fdafe3db800 JavaThread "ForkJoinPool.commonPool-worker-7" daemon [_thread_blocked, id=33547, stack(0x000070000a285000,0x000070000a385000)]
  0x00007fdb02ba1800 JavaThread "ForkJoinPool.commonPool-worker-6" daemon [_thread_blocked, id=39695, stack(0x000070000a182000,0x000070000a282000)]
  0x00007fdb01a6b800 JavaThread "ForkJoinPool.commonPool-worker-4" daemon [_thread_blocked, id=38411, stack(0x000070000a07f000,0x000070000a17f000)]
  0x00007fdaff3aa800 JavaThread "ForkJoinPool.commonPool-worker-0" daemon [_thread_blocked, id=41483, stack(0x0000700009f7c000,0x000070000a07c000)]
  0x00007fdb00c2b800 JavaThread "ForkJoinPool.commonPool-worker-3" daemon [_thread_blocked, id=41227, stack(0x0000700009e79000,0x0000700009f79000)]
  0x00007fdafe659000 JavaThread "ForkJoinPool.commonPool-worker-2" daemon [_thread_blocked, id=37639, stack(0x0000700009cca000,0x0000700009dca000)]
  0x00007fdafe498000 JavaThread "ForkJoinPool.commonPool-worker-1" daemon [_thread_blocked, id=35079, stack(0x0000700009bc7000,0x0000700009cc7000)]
  0x00007fdb02c1c000 JavaThread "Cache worker for Java compile cache (/Users/developer/projects/clubedelivery/project/android/.gradle/4.4/javaCompile)" [_thread_blocked, id=38919, stack(0x0000700009ac4000,0x0000700009bc4000)]
  0x00007fdaff59a800 JavaThread "Worker Daemon Execution" [_thread_blocked, id=38663, stack(0x00007000099c1000,0x0000700009ac1000)]
  0x00007fdb01c57000 JavaThread "process reaper" daemon [_thread_blocked, id=37123, stack(0x0000700009e4e000,0x0000700009e76000)]
  0x00007fdafe61c000 JavaThread "process reaper" daemon [_thread_blocked, id=36611, stack(0x0000700009e23000,0x0000700009e4b000)]
  0x00007fdb0311b800 JavaThread "process reaper" daemon [_thread_blocked, id=36099, stack(0x0000700009df8000,0x0000700009e20000)]
  0x00007fdafe8cb800 JavaThread "process reaper" daemon [_thread_blocked, id=35587, stack(0x0000700009dcd000,0x0000700009df5000)]
  0x00007fdb04612800 JavaThread "Worker Daemon Execution Thread 3" [_thread_blocked, id=33027, stack(0x00007000098be000,0x00007000099be000)]
  0x00007fdb01c76000 JavaThread "Worker Daemon Execution Thread 2" [_thread_blocked, id=32515, stack(0x00007000097bb000,0x00007000098bb000)]
  0x00007fdb03335000 JavaThread "Worker Daemon Execution" [_thread_blocked, id=32003, stack(0x00007000096b8000,0x00007000097b8000)]
  0x00007fdb046c1000 JavaThread "Worker Daemon Execution" [_thread_blocked, id=31491, stack(0x00007000095b5000,0x00007000096b5000)]
  0x00007fdb01aec000 JavaThread "Task worker for ':' Thread 3" [_thread_blocked, id=30979, stack(0x00007000094b2000,0x00007000095b2000)]
  0x00007fdb03f92800 JavaThread "Task worker for ':' Thread 2" [_thread_blocked, id=30467, stack(0x00007000093af000,0x00007000094af000)]
  0x00007fdb01aeb000 JavaThread "Task worker for ':'" [_thread_blocked, id=29955, stack(0x00007000092ac000,0x00007000093ac000)]
  0x00007fdb0370a800 JavaThread "Cache worker for Build Output Cleanup Cache (/Users/developer/projects/clubedelivery/project/android/.gradle/buildOutputCleanup)" [_thread_blocked, id=29443, stack(0x00007000091a9000,0x00007000092a9000)]
  0x00007fdb0183c000 JavaThread "Cache worker for task history cache (/Users/developer/projects/clubedelivery/project/android/.gradle/4.4/taskHistory)" [_thread_blocked, id=28931, stack(0x00007000090a6000,0x00007000091a6000)]
  0x00007fdb03085000 JavaThread "Cache worker for file content cache (/Users/developer/projects/clubedelivery/project/android/.gradle/4.4/fileContent)" [_thread_blocked, id=28431, stack(0x0000700008fa3000,0x00007000090a3000)]
  0x00007fdb04106800 JavaThread "Memory manager" [_thread_blocked, id=27907, stack(0x0000700008ea0000,0x0000700008fa0000)]
  0x00007fdb035f2800 JavaThread "pool-1-thread-1" [_thread_blocked, id=27395, stack(0x0000700008d9d000,0x0000700008e9d000)]
  0x00007fdafe875800 JavaThread "build operations Thread 4" [_thread_blocked, id=26883, stack(0x0000700008c9a000,0x0000700008d9a000)]
  0x00007fdb03cc2000 JavaThread "build operations Thread 3" [_thread_blocked, id=26371, stack(0x0000700008b97000,0x0000700008c97000)]
  0x00007fdb03e53000 JavaThread "build operations Thread 2" [_thread_blocked, id=25859, stack(0x0000700008a94000,0x0000700008b94000)]
  0x00007fdb01f6f800 JavaThread "build operations" [_thread_blocked, id=3847, stack(0x0000700008991000,0x0000700008a91000)]
  0x00007fdb03b3f800 JavaThread "Cache worker for Artifact transforms cache (/Users/developer/.gradle/caches/transforms-1)" [_thread_blocked, id=4359, stack(0x0000700006dba000,0x0000700006eba000)]
  0x00007fdafeeda800 JavaThread "Cache worker for file hash cache (/Users/developer/projects/clubedelivery/project/android/.gradle/4.4/fileHashes)" [_thread_blocked, id=25347, stack(0x000070000888e000,0x000070000898e000)]
  0x00007fdaffe35800 JavaThread "File lock request listener" [_thread_in_native, id=24835, stack(0x000070000878b000,0x000070000888b000)]
  0x00007fdaffefa000 JavaThread "Cache worker for file hash cache (/Users/developer/.gradle/caches/4.4/fileHashes)" [_thread_blocked, id=24323, stack(0x0000700008688000,0x0000700008788000)]
  0x00007fdaffec4800 JavaThread "Stdin handler" [_thread_blocked, id=23811, stack(0x0000700008585000,0x0000700008685000)]
  0x00007fdafee6f800 JavaThread "Asynchronous log dispatcher for DefaultDaemonConnection: socket connection from /0:0:0:0:0:0:0:1:61037 to /0:0:0:0:0:0:0:1:61038" [_thread_blocked, id=23299, stack(0x0000700008482000,0x0000700008582000)]
  0x00007fdaff26f800 JavaThread "Daemon worker" [_thread_blocked, id=22787, stack(0x000070000837f000,0x000070000847f000)]
  0x00007fdafee6e000 JavaThread "Cancel handler" [_thread_blocked, id=22275, stack(0x000070000827c000,0x000070000837c000)]
  0x00007fdaffeae800 JavaThread "Handler for socket connection from /0:0:0:0:0:0:0:1:61037 to /0:0:0:0:0:0:0:1:61038" [_thread_in_native, id=21763, stack(0x0000700008179000,0x0000700008279000)]
  0x00007fdafedfd000 JavaThread "Daemon" [_thread_blocked, id=21251, stack(0x0000700008076000,0x0000700008176000)]
  0x00007fdaff1fb800 JavaThread "Daemon periodic checks" [_thread_blocked, id=20739, stack(0x0000700007f73000,0x0000700008073000)]
  0x00007fdaffeb0800 JavaThread "Incoming local TCP Connector on port 61037" [_thread_in_native, id=20227, stack(0x0000700007e70000,0x0000700007f70000)]
  0x00007fdafee52800 JavaThread "Daemon health stats" [_thread_blocked, id=19715, stack(0x0000700007d6d000,0x0000700007e6d000)]
  0x00007fdaff86d000 JavaThread "Service Thread" daemon [_thread_blocked, id=18691, stack(0x0000700007b67000,0x0000700007c67000)]
  0x00007fdaff005000 JavaThread "C1 CompilerThread2" daemon [_thread_blocked, id=18179, stack(0x0000700007a64000,0x0000700007b64000)]
  0x00007fdaff85d000 JavaThread "C2 CompilerThread1" daemon [_thread_blocked, id=17667, stack(0x0000700007961000,0x0000700007a61000)]
  0x00007fdaff81c800 JavaThread "C2 CompilerThread0" daemon [_thread_blocked, id=17155, stack(0x000070000785e000,0x000070000795e000)]
  0x00007fdaff003000 JavaThread "Signal Dispatcher" daemon [_thread_blocked, id=16643, stack(0x000070000775b000,0x000070000785b000)]
  0x00007fdafe026800 JavaThread "Finalizer" daemon [_thread_blocked, id=12291, stack(0x00007000075d5000,0x00007000076d5000)]
  0x00007fdaff842000 JavaThread "Reference Handler" daemon [_thread_blocked, id=11779, stack(0x00007000074d2000,0x00007000075d2000)]
  0x00007fdaff802800 JavaThread "main" [_thread_blocked, id=6915, stack(0x0000700006ec0000,0x0000700006fc0000)]

Other Threads:
  0x00007fdaff83d800 VMThread [stack: 0x00007000073cf000,0x00007000074cf000] [id=11267]
  0x00007fdaff84a800 WatcherThread [stack: 0x0000700007c6a000,0x0000700007d6a000] [id=19203]

=>0x00007fdaff80f800 (exited) GCTaskThread [stack: 0x00007000071c9000,0x00007000072c9000] [id=10243]

VM state:at safepoint (normal execution)

VM Mutex/Monitor currently owned by a thread:  ([mutex/lock_event])
[0x00007fdafdc08c80] Threads_lock - owner thread: 0x00007fdaff83d800
[0x00007fdafdc09180] Heap_lock - owner thread: 0x00007fdafe659000

Heap:
 PSYoungGen      total 264192K, used 29905K [0x00000007aab00000, 0x00000007bf900000, 0x00000007c0000000)
  eden space 183296K, 0% used [0x00000007aab00000,0x00000007aab00000,0x00000007b5e00000)
  from space 80896K, 36% used [0x00000007b5e00000,0x00000007b7b34790,0x00000007bad00000)
  to   space 77824K, 0% used [0x00000007bad00000,0x00000007bad00000,0x00000007bf900000)
 ParOldGen       total 132608K, used 117509K [0x0000000780000000, 0x0000000788180000, 0x00000007aab00000)
  object space 132608K, 88% used [0x0000000780000000,0x00000007872c14d0,0x0000000788180000)
 Metaspace       used 87883K, capacity 92054K, committed 92160K, reserved 1128448K
  class space    used 11260K, capacity 12247K, committed 12288K, reserved 1048576K

Card table byte_map: [0x0000000111975000,0x0000000111b76000] byte_map_base: 0x000000010dd75000

Marking Bits: (ParMarkBitMap*) 0x0000000110efaae0
 Begin Bits: [0x0000000111b76000, 0x0000000112b76000)
 End Bits:   [0x0000000112b76000, 0x0000000113b76000)

Polling page: 0x000000010fc76000

CodeCache: size=245760Kb used=58697Kb max_used=58697Kb free=187062Kb
 bounds [0x000000011adcf000, 0x000000011e76f000, 0x0000000129dcf000]
 total_blobs=17790 nmethods=16919 adapters=782
 compilation: enabled

Compilation events (10 events):
Event: 204,357 Thread 0x00007fdaff005000 nmethod 21724 0x000000011e75b950 code [0x000000011e75baa0, 0x000000011e75bbb0]
Event: 204,417 Thread 0x00007fdaff005000 21800   !   3       java.util.concurrent.ConcurrentHashMap::transfer (832 bytes)
Event: 204,424 Thread 0x00007fdaff005000 nmethod 21800 0x000000011e75bc10 code [0x000000011e75bfa0, 0x000000011e75e698]
Event: 204,424 Thread 0x00007fdaff005000 21802       3       com.android.tools.r8.ir.regalloc.LinearScanRegisterAllocator::excludeRegistersForInterval (55 bytes)
Event: 204,426 Thread 0x00007fdaff005000 nmethod 21802 0x000000011e760750 code [0x000000011e7609a0, 0x000000011e761868]
Event: 204,426 Thread 0x00007fdaff005000 21804       3       java.util.ArrayDeque::clear (56 bytes)
Event: 204,431 Thread 0x00007fdaff005000 nmethod 21804 0x000000011e7620d0 code [0x000000011e762240, 0x000000011e7625f0]
Event: 204,431 Thread 0x00007fdaff005000 21807       3       com.android.tools.r8.ir.code.BasicBlock::endOfGotoChain (62 bytes)
Event: 204,503 Thread 0x00007fdaff005000 nmethod 21807 0x000000011e762750 code [0x000000011e762960, 0x000000011e7631d8]
Event: 204,504 Thread 0x00007fdaff005000 21822       3       com.android.tools.r8.it.unimi.dsi.fastutil.ints.Int2ReferenceOpenHashMap::shiftKeys (115 bytes)

GC Heap History (10 events):
Event: 199,611 GC heap after
Heap after GC invocations=32 (full 3):
 PSYoungGen      total 248320K, used 56737K [0x00000007aab00000, 0x00000007c0000000, 0x00000007c0000000)
  eden space 191488K, 0% used [0x00000007aab00000,0x00000007aab00000,0x00000007b6600000)
  from space 56832K, 99% used [0x00000007b6600000,0x00000007b9d68550,0x00000007b9d80000)
  to   space 83456K, 0% used [0x00000007bae80000,0x00000007bae80000,0x00000007c0000000)
 ParOldGen       total 132608K, used 82904K [0x0000000780000000, 0x0000000788180000, 0x00000007aab00000)
  object space 132608K, 62% used [0x0000000780000000,0x00000007850f6248,0x0000000788180000)
 Metaspace       used 87376K, capacity 91500K, committed 91648K, reserved 1128448K
  class space    used 11250K, capacity 12246K, committed 12288K, reserved 1048576K
}
Event: 200,895 GC heap before
{Heap before GC invocations=33 (full 3):
 PSYoungGen      total 248320K, used 248225K [0x00000007aab00000, 0x00000007c0000000, 0x00000007c0000000)
  eden space 191488K, 100% used [0x00000007aab00000,0x00000007b6600000,0x00000007b6600000)
  from space 56832K, 99% used [0x00000007b6600000,0x00000007b9d68550,0x00000007b9d80000)
  to   space 83456K, 0% used [0x00000007bae80000,0x00000007bae80000,0x00000007c0000000)
 ParOldGen       total 132608K, used 82904K [0x0000000780000000, 0x0000000788180000, 0x00000007aab00000)
  object space 132608K, 62% used [0x0000000780000000,0x00000007850f6248,0x0000000788180000)
 Metaspace       used 87553K, capacity 91696K, committed 91904K, reserved 1128448K
  class space    used 11260K, capacity 12246K, committed 12288K, reserved 1048576K
Event: 201,025 GC heap after
Heap after GC invocations=33 (full 3):
 PSYoungGen      total 265728K, used 47862K [0x00000007aab00000, 0x00000007c0000000, 0x00000007c0000000)
  eden space 182272K, 0% used [0x00000007aab00000,0x00000007aab00000,0x00000007b5d00000)
  from space 83456K, 57% used [0x00000007bae80000,0x00000007bdd3dbf8,0x00000007c0000000)
  to   space 83456K, 0% used [0x00000007b5d00000,0x00000007b5d00000,0x00000007bae80000)
 ParOldGen       total 132608K, used 92658K [0x0000000780000000, 0x0000000788180000, 0x00000007aab00000)
  object space 132608K, 69% used [0x0000000780000000,0x0000000785a7cb58,0x0000000788180000)
 Metaspace       used 87553K, capacity 91696K, committed 91904K, reserved 1128448K
  class space    used 11260K, capacity 12246K, committed 12288K, reserved 1048576K
}
Event: 202,213 GC heap before
{Heap before GC invocations=34 (full 3):
 PSYoungGen      total 265728K, used 230134K [0x00000007aab00000, 0x00000007c0000000, 0x00000007c0000000)
  eden space 182272K, 100% used [0x00000007aab00000,0x00000007b5d00000,0x00000007b5d00000)
  from space 83456K, 57% used [0x00000007bae80000,0x00000007bdd3dbf8,0x00000007c0000000)
  to   space 83456K, 0% used [0x00000007b5d00000,0x00000007b5d00000,0x00000007bae80000)
 ParOldGen       total 132608K, used 92658K [0x0000000780000000, 0x0000000788180000, 0x00000007aab00000)
  object space 132608K, 69% used [0x0000000780000000,0x0000000785a7cb58,0x0000000788180000)
 Metaspace       used 87651K, capacity 91770K, committed 91904K, reserved 1128448K
  class space    used 11260K, capacity 12247K, committed 12288K, reserved 1048576K
Event: 202,340 GC heap after
Heap after GC invocations=34 (full 3):
 PSYoungGen      total 226816K, used 44414K [0x00000007aab00000, 0x00000007bfd00000, 0x00000007c0000000)
  eden space 182272K, 0% used [0x00000007aab00000,0x00000007aab00000,0x00000007b5d00000)
  from space 44544K, 99% used [0x00000007b5d00000,0x00000007b885fb98,0x00000007b8880000)
  to   space 81920K, 0% used [0x00000007bad00000,0x00000007bad00000,0x00000007bfd00000)
 ParOldGen       total 132608K, used 98690K [0x0000000780000000, 0x0000000788180000, 0x00000007aab00000)
  object space 132608K, 74% used [0x0000000780000000,0x0000000786060938,0x0000000788180000)
 Metaspace       used 87651K, capacity 91770K, committed 91904K, reserved 1128448K
  class space    used 11260K, capacity 12247K, committed 12288K, reserved 1048576K
}
Event: 203,322 GC heap before
{Heap before GC invocations=35 (full 3):
 PSYoungGen      total 226816K, used 226686K [0x00000007aab00000, 0x00000007bfd00000, 0x00000007c0000000)
  eden space 182272K, 100% used [0x00000007aab00000,0x00000007b5d00000,0x00000007b5d00000)
  from space 44544K, 99% used [0x00000007b5d00000,0x00000007b885fb98,0x00000007b8880000)
  to   space 81920K, 0% used [0x00000007bad00000,0x00000007bad00000,0x00000007bfd00000)
 ParOldGen       total 132608K, used 98690K [0x0000000780000000, 0x0000000788180000, 0x00000007aab00000)
  object space 132608K, 74% used [0x0000000780000000,0x0000000786060938,0x0000000788180000)
 Metaspace       used 87788K, capacity 91906K, committed 92160K, reserved 1128448K
  class space    used 11260K, capacity 12247K, committed 12288K, reserved 1048576K
Event: 203,423 GC heap after
Heap after GC invocations=35 (full 3):
 PSYoungGen      total 265216K, used 45669K [0x00000007aab00000, 0x00000007c0000000, 0x00000007c0000000)
  eden space 183296K, 0% used [0x00000007aab00000,0x00000007aab00000,0x00000007b5e00000)
  from space 81920K, 55% used [0x00000007bad00000,0x00000007bd999588,0x00000007bfd00000)
  to   space 80896K, 0% used [0x00000007b5e00000,0x00000007b5e00000,0x00000007bad00000)
 ParOldGen       total 132608K, used 99231K [0x0000000780000000, 0x0000000788180000, 0x00000007aab00000)
  object space 132608K, 74% used [0x0000000780000000,0x00000007860e7c08,0x0000000788180000)
 Metaspace       used 87788K, capacity 91906K, committed 92160K, reserved 1128448K
  class space    used 11260K, capacity 12247K, committed 12288K, reserved 1048576K
}
Event: 204,509 GC heap before
{Heap before GC invocations=36 (full 3):
 PSYoungGen      total 265216K, used 228965K [0x00000007aab00000, 0x00000007c0000000, 0x00000007c0000000)
  eden space 183296K, 100% used [0x00000007aab00000,0x00000007b5e00000,0x00000007b5e00000)
  from space 81920K, 55% used [0x00000007bad00000,0x00000007bd999588,0x00000007bfd00000)
  to   space 80896K, 0% used [0x00000007b5e00000,0x00000007b5e00000,0x00000007bad00000)
 ParOldGen       total 132608K, used 99231K [0x0000000780000000, 0x0000000788180000, 0x00000007aab00000)
  object space 132608K, 74% used [0x0000000780000000,0x00000007860e7c08,0x0000000788180000)
 Metaspace       used 87883K, capacity 92054K, committed 92160K, reserved 1128448K
  class space    used 11260K, capacity 12247K, committed 12288K, reserved 1048576K
Event: 204,611 GC heap after
Heap after GC invocations=36 (full 3):
 PSYoungGen      total 264192K, used 29905K [0x00000007aab00000, 0x00000007bf900000, 0x00000007c0000000)
  eden space 183296K, 0% used [0x00000007aab00000,0x00000007aab00000,0x00000007b5e00000)
  from space 80896K, 36% used [0x00000007b5e00000,0x00000007b7b34790,0x00000007bad00000)
  to   space 77824K, 0% used [0x00000007bad00000,0x00000007bad00000,0x00000007bf900000)
 ParOldGen       total 132608K, used 117509K [0x0000000780000000, 0x0000000788180000, 0x00000007aab00000)
  object space 132608K, 88% used [0x0000000780000000,0x00000007872c14d0,0x0000000788180000)
 Metaspace       used 87883K, capacity 92054K, committed 92160K, reserved 1128448K
  class space    used 11260K, capacity 12247K, committed 12288K, reserved 1048576K
}
Event: 204,611 GC heap before
{Heap before GC invocations=37 (full 4):
 PSYoungGen      total 264192K, used 29905K [0x00000007aab00000, 0x00000007bf900000, 0x00000007c0000000)
  eden space 183296K, 0% used [0x00000007aab00000,0x00000007aab00000,0x00000007b5e00000)
  from space 80896K, 36% used [0x00000007b5e00000,0x00000007b7b34790,0x00000007bad00000)
  to   space 77824K, 0% used [0x00000007bad00000,0x00000007bad00000,0x00000007bf900000)
 ParOldGen       total 132608K, used 117509K [0x0000000780000000, 0x0000000788180000, 0x00000007aab00000)
  object space 132608K, 88% used [0x0000000780000000,0x00000007872c14d0,0x0000000788180000)
 Metaspace       used 87883K, capacity 92054K, committed 92160K, reserved 1128448K
  class space    used 11260K, capacity 12247K, committed 12288K, reserved 1048576K

Deoptimization events (10 events):
Event: 196,266 Thread 0x00007fdb07a5a000 Uncommon trap: reason=range_check action=make_not_entrant pc=0x000000011be11c60 method=com.android.tools.r8.org.objectweb.asm.Type.getType([CI)Lcom/android/tools/r8/org/objectweb/asm/Type; @ 162
Event: 198,004 Thread 0x00007fdafe659000 Uncommon trap: reason=array_check action=maybe_recompile pc=0x000000011dd40cbc method=java.util.TimSort.binarySort([Ljava/lang/Object;IIILjava/util/Comparator;)V @ 215
Event: 198,874 Thread 0x00007fdafe659000 Uncommon trap: reason=unstable_if action=reinterpret pc=0x000000011b1c27ac method=java.util.concurrent.ConcurrentHashMap.transfer([Ljava/util/concurrent/ConcurrentHashMap$Node;[Ljava/util/concurrent/ConcurrentHashMap$Node;)V @ 277
Event: 199,011 Thread 0x00007fdafe659000 Uncommon trap: reason=unstable_if action=reinterpret pc=0x000000011e2c0ff4 method=com.android.tools.r8.ir.conversion.JarState$Slot.isCategory1(Lcom/android/tools/r8/org/objectweb/asm/Type;)Z @ 11
Event: 199,197 Thread 0x00007fdb097f7000 Uncommon trap: reason=unstable_if action=reinterpret pc=0x000000011d8b2b90 method=com.android.tools.r8.ir.conversion.JarSourceCode.getDebugPositionAtOffset(I)Lcom/android/tools/r8/ir/code/Position; @ 3
Event: 199,270 Thread 0x00007fdb05dc2800 Uncommon trap: reason=array_check action=maybe_recompile pc=0x000000011dd40cbc method=java.util.TimSort.binarySort([Ljava/lang/Object;IIILjava/util/Comparator;)V @ 215
Event: 200,431 Thread 0x00007fdb07a5a000 Uncommon trap: reason=unstable_if action=reinterpret pc=0x000000011d8a05d8 method=com.android.tools.r8.org.objectweb.asm.Type.getType([CI)Lcom/android/tools/r8/org/objectweb/asm/Type; @ 165
Event: 200,869 Thread 0x00007fdb0a533000 Uncommon trap: reason=unstable_if action=reinterpret pc=0x000000011b73d554 method=java.util.HashMap.getNode(ILjava/lang/Object;)Ljava/util/HashMap$Node; @ 84
Event: 202,680 Thread 0x00007fdb05dc2800 Uncommon trap: reason=unstable_if action=reinterpret pc=0x000000011e6376b8 method=com.android.tools.r8.ir.regalloc.LinearScanRegisterAllocator.allocateSingleInterval(Lcom/android/tools/r8/ir/regalloc/LiveIntervals;Lcom/android/tools/r8/ir/regalloc/LinearS
Event: 204,137 Thread 0x00007fdb0a533000 Uncommon trap: reason=unstable_if action=reinterpret pc=0x000000011e2d412c method=com.android.tools.r8.ir.regalloc.RegisterPositions.hasType(ILcom/android/tools/r8/ir/regalloc/RegisterPositions$Type;)Z @ 57

Classes redefined (0 events):
No events

Internal exceptions (10 events):
Event: 192,608 Thread 0x00007fdaff26f800 Exception <a 'sun/nio/fs/UnixException'> (0x00000007b17f3220) thrown at [/Users/java_re/workspace/8-2-build-macosx-x86_64/jdk8u172/10810/hotspot/src/share/vm/prims/jni.cpp, line 709]
Event: 192,651 Thread 0x00007fdaff26f800 Exception <a 'sun/nio/fs/UnixException'> (0x00000007b1881c50) thrown at [/Users/java_re/workspace/8-2-build-macosx-x86_64/jdk8u172/10810/hotspot/src/share/vm/prims/jni.cpp, line 709]
Event: 192,659 Thread 0x00007fdaff26f800 Exception <a 'sun/nio/fs/UnixException'> (0x00000007b18c09e8) thrown at [/Users/java_re/workspace/8-2-build-macosx-x86_64/jdk8u172/10810/hotspot/src/share/vm/prims/jni.cpp, line 709]
Event: 192,664 Thread 0x00007fdaff26f800 Exception <a 'sun/nio/fs/UnixException'> (0x00000007b1ce9c38) thrown at [/Users/java_re/workspace/8-2-build-macosx-x86_64/jdk8u172/10810/hotspot/src/share/vm/prims/jni.cpp, line 709]
Event: 192,668 Thread 0x00007fdaff26f800 Exception <a 'sun/nio/fs/UnixException'> (0x00000007b1d14998) thrown at [/Users/java_re/workspace/8-2-build-macosx-x86_64/jdk8u172/10810/hotspot/src/share/vm/prims/jni.cpp, line 709]
Event: 192,679 Thread 0x00007fdaff26f800 Exception <a 'sun/nio/fs/UnixException'> (0x00000007b1d5ede0) thrown at [/Users/java_re/workspace/8-2-build-macosx-x86_64/jdk8u172/10810/hotspot/src/share/vm/prims/jni.cpp, line 709]
Event: 192,683 Thread 0x00007fdaff26f800 Exception <a 'sun/nio/fs/UnixException'> (0x00000007b1d8ab28) thrown at [/Users/java_re/workspace/8-2-build-macosx-x86_64/jdk8u172/10810/hotspot/src/share/vm/prims/jni.cpp, line 709]
Event: 192,688 Thread 0x00007fdaff26f800 Exception <a 'sun/nio/fs/UnixException'> (0x00000007b1dbe058) thrown at [/Users/java_re/workspace/8-2-build-macosx-x86_64/jdk8u172/10810/hotspot/src/share/vm/prims/jni.cpp, line 709]
Event: 192,695 Thread 0x00007fdaff26f800 Exception <a 'sun/nio/fs/UnixException'> (0x00000007b1deb1d8) thrown at [/Users/java_re/workspace/8-2-build-macosx-x86_64/jdk8u172/10810/hotspot/src/share/vm/prims/jni.cpp, line 709]
Event: 192,700 Thread 0x00007fdaff26f800 Exception <a 'sun/nio/fs/UnixException'> (0x00000007b1e17c60) thrown at [/Users/java_re/workspace/8-2-build-macosx-x86_64/jdk8u172/10810/hotspot/src/share/vm/prims/jni.cpp, line 709]

Events (10 events):
Event: 203,321 Executing VM operation: ParallelGCFailedAllocation
Event: 203,423 Executing VM operation: ParallelGCFailedAllocation done
Event: 203,778 Thread 0x00007fdaff105000 DEOPT PACKING pc=0x000000011e582ef1 sp=0x000070000aea5220
Event: 203,778 Thread 0x00007fdaff105000 DEOPT UNPACKING pc=0x000000011ae16784 sp=0x000070000aea4f58 mode 0
Event: 204,137 Thread 0x00007fdb0a533000 Uncommon trap: trap_request=0xffffff65 fr.pc=0x000000011e2d412c
Event: 204,137 Thread 0x00007fdb0a533000 DEOPT PACKING pc=0x000000011e2d412c sp=0x000070000afa7cd0
Event: 204,137 Thread 0x00007fdb0a533000 DEOPT UNPACKING pc=0x000000011ae1473a sp=0x000070000afa7c80 mode 2
Event: 204,503 Thread 0x00007fdb05dc2800 DEOPT PACKING pc=0x000000011e013c38 sp=0x000070000a995a70
Event: 204,503 Thread 0x00007fdb05dc2800 DEOPT UNPACKING pc=0x000000011ae16784 sp=0x000070000a995a58 mode 0
Event: 204,508 Executing VM operation: ParallelGCFailedAllocation


Dynamic libraries:
0x00007fff75981000 	/System/Library/Frameworks/Cocoa.framework/Versions/A/Cocoa
0x00007fff7c5e0000 	/System/Library/Frameworks/Security.framework/Versions/A/Security
0x00007fff7483c000 	/System/Library/Frameworks/ApplicationServices.framework/Versions/A/ApplicationServices
0x00007fff8ba6e000 	/usr/lib/libz.1.dylib
0x00007fff8a54c000 	/usr/lib/libSystem.B.dylib
0x00007fff8b274000 	/usr/lib/libobjc.A.dylib
0x00007fff75f1b000 	/System/Library/Frameworks/CoreFoundation.framework/Versions/A/CoreFoundation
0x00007fff779ae000 	/System/Library/Frameworks/Foundation.framework/Versions/C/Foundation
0x00007fff73a51000 	/System/Library/Frameworks/AppKit.framework/Versions/C/AppKit
0x00007fff75b6d000 	/System/Library/Frameworks/CoreData.framework/Versions/A/CoreData
0x00007fff86fc2000 	/System/Library/PrivateFrameworks/RemoteViewServices.framework/Versions/A/RemoteViewServices
0x00007fff88fbc000 	/System/Library/PrivateFrameworks/UIFoundation.framework/Versions/A/UIFoundation
0x00007fff82368000 	/System/Library/PrivateFrameworks/DFRFoundation.framework/Versions/A/DFRFoundation
0x00007fff8abb7000 	/usr/lib/libenergytrace.dylib
0x00007fff87def000 	/System/Library/PrivateFrameworks/SkyLight.framework/Versions/A/SkyLight
0x00007fff763af000 	/System/Library/Frameworks/CoreGraphics.framework/Versions/A/CoreGraphics
0x00007fff8a547000 	/usr/lib/libScreenReader.dylib
0x00007fff72914000 	/System/Library/Frameworks/Accelerate.framework/Versions/A/Accelerate
0x00007fff77fac000 	/System/Library/Frameworks/IOSurface.framework/Versions/A/IOSurface
0x00007fff74d5f000 	/System/Library/Frameworks/AudioToolbox.framework/Versions/A/AudioToolbox
0x00007fff74f6c000 	/System/Library/Frameworks/AudioUnit.framework/Versions/A/AudioUnit
0x00007fff823ad000 	/System/Library/PrivateFrameworks/DataDetectorsCore.framework/Versions/A/DataDetectorsCore
0x00007fff8249e000 	/System/Library/PrivateFrameworks/DesktopServicesPriv.framework/Versions/A/DesktopServicesPriv
0x00007fff754ce000 	/System/Library/Frameworks/Carbon.framework/Versions/A/Frameworks/HIToolbox.framework/Versions/A/HIToolbox
0x00007fff8acc0000 	/usr/lib/libicucore.A.dylib
0x00007fff7be78000 	/System/Library/Frameworks/QuartzCore.framework/Versions/A/QuartzCore
0x00007fff7589a000 	/System/Library/Frameworks/Carbon.framework/Versions/A/Frameworks/SpeechRecognition.framework/Versions/A/SpeechRecognition
0x00007fff8a6de000 	/usr/lib/libauto.dylib
0x00007fff8b954000 	/usr/lib/libxml2.2.dylib
0x00007fff82022000 	/System/Library/PrivateFrameworks/CoreUI.framework/Versions/A/CoreUI
0x00007fff75acb000 	/System/Library/Frameworks/CoreAudio.framework/Versions/A/CoreAudio
0x00007fff77817000 	/System/Library/Frameworks/DiskArbitration.framework/Versions/A/DiskArbitration
0x00007fff8aeeb000 	/usr/lib/liblangid.dylib
0x00007fff85ea9000 	/System/Library/PrivateFrameworks/MultitouchSupport.framework/Versions/A/MultitouchSupport
0x00007fff77f15000 	/System/Library/Frameworks/IOKit.framework/Versions/A/IOKit
0x00007fff8a30d000 	/usr/lib/libDiagnosticMessagesClient.dylib
0x00007fff76dfb000 	/System/Library/Frameworks/CoreServices.framework/Versions/A/CoreServices
0x00007fff86866000 	/System/Library/PrivateFrameworks/PerformanceAnalysis.framework/Versions/A/PerformanceAnalysis
0x00007fff842f0000 	/System/Library/PrivateFrameworks/GenerationalStorage.framework/Versions/A/GenerationalStorage
0x00007fff7b146000 	/System/Library/Frameworks/OpenGL.framework/Versions/A/OpenGL
0x00007fff76a53000 	/System/Library/Frameworks/CoreImage.framework/Versions/A/CoreImage
0x00007fff77524000 	/System/Library/Frameworks/CoreText.framework/Versions/A/CoreText
0x00007fff78005000 	/System/Library/Frameworks/ImageIO.framework/Versions/A/ImageIO
0x00007fff7fbdf000 	/System/Library/PrivateFrameworks/Backup.framework/Versions/A/Backup
0x00007fff8a5b9000 	/usr/lib/libarchive.2.dylib
0x00007fff750d5000 	/System/Library/Frameworks/CFNetwork.framework/Versions/A/CFNetwork
0x00007fff7cd0d000 	/System/Library/Frameworks/SystemConfiguration.framework/Versions/A/SystemConfiguration
0x00007fff8a254000 	/usr/lib/libCRFSuite.dylib
0x00007fff8a6ff000 	/usr/lib/libc++.1.dylib
0x00007fff8a756000 	/usr/lib/libc++abi.dylib
0x00007fff8ba8e000 	/usr/lib/system/libcache.dylib
0x00007fff8ba93000 	/usr/lib/system/libcommonCrypto.dylib
0x00007fff8ba9e000 	/usr/lib/system/libcompiler_rt.dylib
0x00007fff8baa6000 	/usr/lib/system/libcopyfile.dylib
0x00007fff8baaf000 	/usr/lib/system/libcorecrypto.dylib
0x00007fff8bb33000 	/usr/lib/system/libdispatch.dylib
0x00007fff8bb65000 	/usr/lib/system/libdyld.dylib
0x00007fff8bb6b000 	/usr/lib/system/libkeymgr.dylib
0x00007fff8bb79000 	/usr/lib/system/liblaunch.dylib
0x00007fff8bb7a000 	/usr/lib/system/libmacho.dylib
0x00007fff8bb80000 	/usr/lib/system/libquarantine.dylib
0x00007fff8bb83000 	/usr/lib/system/libremovefile.dylib
0x00007fff8bb85000 	/usr/lib/system/libsystem_asl.dylib
0x00007fff8bb9e000 	/usr/lib/system/libsystem_blocks.dylib
0x00007fff8bb9f000 	/usr/lib/system/libsystem_c.dylib
0x00007fff8bc2d000 	/usr/lib/system/libsystem_configuration.dylib
0x00007fff8bc31000 	/usr/lib/system/libsystem_coreservices.dylib
0x00007fff8bc35000 	/usr/lib/system/libsystem_coretls.dylib
0x00007fff8bc4e000 	/usr/lib/system/libsystem_dnssd.dylib
0x00007fff8bc55000 	/usr/lib/system/libsystem_info.dylib
0x00007fff8bc7f000 	/usr/lib/system/libsystem_kernel.dylib
0x00007fff8bca2000 	/usr/lib/system/libsystem_m.dylib
0x00007fff8bcea000 	/usr/lib/system/libsystem_malloc.dylib
0x00007fff8bd09000 	/usr/lib/system/libsystem_network.dylib
0x00007fff8bd63000 	/usr/lib/system/libsystem_networkextension.dylib
0x00007fff8bd6d000 	/usr/lib/system/libsystem_notify.dylib
0x00007fff8bd77000 	/usr/lib/system/libsystem_platform.dylib
0x00007fff8bd80000 	/usr/lib/system/libsystem_pthread.dylib
0x00007fff8bd8b000 	/usr/lib/system/libsystem_sandbox.dylib
0x00007fff8bd8f000 	/usr/lib/system/libsystem_secinit.dylib
0x00007fff8bd91000 	/usr/lib/system/libsystem_symptoms.dylib
0x00007fff8bd99000 	/usr/lib/system/libsystem_trace.dylib
0x00007fff8bdad000 	/usr/lib/system/libunwind.dylib
0x00007fff8bdb3000 	/usr/lib/system/libxpc.dylib
0x00007fff8a6df000 	/usr/lib/libbsm.0.dylib
0x00007fff8bb6c000 	/usr/lib/system/libkxld.dylib
0x00007fff8a7a8000 	/usr/lib/libcoretls.dylib
0x00007fff8a7a9000 	/usr/lib/libcoretls_cfhelpers.dylib
0x00007fff8a546000 	/usr/lib/libOpenScriptingUtil.dylib
0x00007fff8b64c000 	/usr/lib/libpam.2.dylib
0x00007fff8b70b000 	/usr/lib/libsqlite3.dylib
0x00007fff8b946000 	/usr/lib/libxar.1.dylib
0x00007fff8a6f0000 	/usr/lib/libbz2.1.0.dylib
0x00007fff8aeed000 	/usr/lib/liblzma.5.dylib
0x00007fff8b1f9000 	/usr/lib/libnetwork.dylib
0x00007fff8b651000 	/usr/lib/libpcap.A.dylib
0x00007fff7715e000 	/System/Library/Frameworks/CoreServices.framework/Versions/A/Frameworks/FSEvents.framework/Versions/A/FSEvents
0x00007fff76e4e000 	/System/Library/Frameworks/CoreServices.framework/Versions/A/Frameworks/CarbonCore.framework/Versions/A/CarbonCore
0x00007fff772d4000 	/System/Library/Frameworks/CoreServices.framework/Versions/A/Frameworks/Metadata.framework/Versions/A/Metadata
0x00007fff77385000 	/System/Library/Frameworks/CoreServices.framework/Versions/A/Frameworks/OSServices.framework/Versions/A/OSServices
0x00007fff773e5000 	/System/Library/Frameworks/CoreServices.framework/Versions/A/Frameworks/SearchKit.framework/Versions/A/SearchKit
0x00007fff76dfc000 	/System/Library/Frameworks/CoreServices.framework/Versions/A/Frameworks/AE.framework/Versions/A/AE
0x00007fff77167000 	/System/Library/Frameworks/CoreServices.framework/Versions/A/Frameworks/LaunchServices.framework/Versions/A/LaunchServices
0x00007fff7712a000 	/System/Library/Frameworks/CoreServices.framework/Versions/A/Frameworks/DictionaryServices.framework/Versions/A/DictionaryServices
0x00007fff77456000 	/System/Library/Frameworks/CoreServices.framework/Versions/A/Frameworks/SharedFileList.framework/Versions/A/SharedFileList
0x00007fff7a1a2000 	/System/Library/Frameworks/NetFS.framework/Versions/A/NetFS
0x00007fff85f83000 	/System/Library/PrivateFrameworks/NetAuth.framework/Versions/A/NetAuth
0x00007fff8a1fd000 	/System/Library/PrivateFrameworks/login.framework/Versions/A/Frameworks/loginsupport.framework/Versions/A/loginsupport
0x00007fff88dee000 	/System/Library/PrivateFrameworks/TCC.framework/Versions/A/TCC
0x00007fff8af1e000 	/usr/lib/libmecabra.dylib
0x00007fff7483d000 	/System/Library/Frameworks/ApplicationServices.framework/Versions/A/Frameworks/ATS.framework/Versions/A/ATS
0x00007fff74bbc000 	/System/Library/Frameworks/ApplicationServices.framework/Versions/A/Frameworks/ColorSync.framework/Versions/A/ColorSync
0x00007fff74c67000 	/System/Library/Frameworks/ApplicationServices.framework/Versions/A/Frameworks/HIServices.framework/Versions/A/HIServices
0x00007fff74cb9000 	/System/Library/Frameworks/ApplicationServices.framework/Versions/A/Frameworks/LangAnalysis.framework/Versions/A/LangAnalysis
0x00007fff74cc9000 	/System/Library/Frameworks/ApplicationServices.framework/Versions/A/Frameworks/PrintCore.framework/Versions/A/PrintCore
0x00007fff74d17000 	/System/Library/Frameworks/ApplicationServices.framework/Versions/A/Frameworks/QD.framework/Versions/A/QD
0x00007fff74d53000 	/System/Library/Frameworks/ApplicationServices.framework/Versions/A/Frameworks/SpeechSynthesis.framework/Versions/A/SpeechSynthesis
0x00007fff7292d000 	/System/Library/Frameworks/Accelerate.framework/Versions/A/Frameworks/vImage.framework/Versions/A/vImage
0x00007fff73792000 	/System/Library/Frameworks/Accelerate.framework/Versions/A/Frameworks/vecLib.framework/Versions/A/vecLib
0x00007fff7358c000 	/System/Library/Frameworks/Accelerate.framework/Versions/A/Frameworks/vecLib.framework/Versions/A/libvDSP.dylib
0x00007fff73136000 	/System/Library/Frameworks/Accelerate.framework/Versions/A/Frameworks/vecLib.framework/Versions/A/libBNNS.dylib
0x00007fff73571000 	/System/Library/Frameworks/Accelerate.framework/Versions/A/Frameworks/vecLib.framework/Versions/A/libQuadrature.dylib
0x00007fff736da000 	/System/Library/Frameworks/Accelerate.framework/Versions/A/Frameworks/vecLib.framework/Versions/A/libvMisc.dylib
0x00007fff7314e000 	/System/Library/Frameworks/Accelerate.framework/Versions/A/Frameworks/vecLib.framework/Versions/A/libLAPACK.dylib
0x00007fff72f6e000 	/System/Library/Frameworks/Accelerate.framework/Versions/A/Frameworks/vecLib.framework/Versions/A/libBLAS.dylib
0x00007fff7355a000 	/System/Library/Frameworks/Accelerate.framework/Versions/A/Frameworks/vecLib.framework/Versions/A/libLinearAlgebra.dylib
0x00007fff73578000 	/System/Library/Frameworks/Accelerate.framework/Versions/A/Frameworks/vecLib.framework/Versions/A/libSparseBLAS.dylib
0x00007fff74945000 	/System/Library/Frameworks/ApplicationServices.framework/Versions/A/Frameworks/ATS.framework/Versions/A/Resources/libFontParser.dylib
0x00007fff74a75000 	/System/Library/Frameworks/ApplicationServices.framework/Versions/A/Frameworks/ATS.framework/Versions/A/Resources/libFontRegistry.dylib
0x00007fff78260000 	/System/Library/Frameworks/ImageIO.framework/Versions/A/Resources/libJPEG.dylib
0x00007fff782ae000 	/System/Library/Frameworks/ImageIO.framework/Versions/A/Resources/libTIFF.dylib
0x00007fff78284000 	/System/Library/Frameworks/ImageIO.framework/Versions/A/Resources/libPng.dylib
0x00007fff78169000 	/System/Library/Frameworks/ImageIO.framework/Versions/A/Resources/libGIF.dylib
0x00007fff7816e000 	/System/Library/Frameworks/ImageIO.framework/Versions/A/Resources/libJP2.dylib
0x00007fff782ab000 	/System/Library/Frameworks/ImageIO.framework/Versions/A/Resources/libRadiance.dylib
0x00007fff8a791000 	/usr/lib/libcompression.dylib
0x00007fff7f721000 	/System/Library/PrivateFrameworks/AppleJPEG.framework/Versions/A/AppleJPEG
0x00007fff8aae7000 	/usr/lib/libcups.2.dylib
0x00007fff79065000 	/System/Library/Frameworks/Kerberos.framework/Versions/A/Kerberos
0x00007fff77d80000 	/System/Library/Frameworks/GSS.framework/Versions/A/GSS
0x00007fff8b69f000 	/usr/lib/libresolv.9.dylib
0x00007fff8abcd000 	/usr/lib/libiconv.2.dylib
0x00007fff84a1d000 	/System/Library/PrivateFrameworks/Heimdal.framework/Versions/A/Heimdal
0x00007fff8abc7000 	/usr/lib/libheimdal-asn1.dylib
0x00007fff7a5bb000 	/System/Library/Frameworks/OpenDirectory.framework/Versions/A/OpenDirectory
0x00007fff81234000 	/System/Library/PrivateFrameworks/CommonAuth.framework/Versions/A/CommonAuth
0x00007fff7a5a1000 	/System/Library/Frameworks/OpenDirectory.framework/Versions/A/Frameworks/CFOpenDirectory.framework/Versions/A/CFOpenDirectory
0x00007fff7c8e3000 	/System/Library/Frameworks/SecurityFoundation.framework/Versions/A/SecurityFoundation
0x00007fff851d5000 	/System/Library/PrivateFrameworks/LanguageModeling.framework/Versions/A/LanguageModeling
0x00007fff8af07000 	/usr/lib/libmarisa.dylib
0x00007fff8a270000 	/usr/lib/libChineseTokenizer.dylib
0x00007fff8a780000 	/usr/lib/libcmph.dylib
0x00007fff81986000 	/System/Library/PrivateFrameworks/CoreEmoji.framework/Versions/A/CoreEmoji
0x00007fff7c983000 	/System/Library/Frameworks/ServiceManagement.framework/Versions/A/ServiceManagement
0x00007fff8ba44000 	/usr/lib/libxslt.1.dylib
0x00007fff757e2000 	/System/Library/Frameworks/Carbon.framework/Versions/A/Frameworks/Ink.framework/Versions/A/Ink
0x00007fff88e80000 	/System/Library/PrivateFrameworks/TextureIO.framework/Versions/A/TextureIO
0x00007fff7985e000 	/System/Library/Frameworks/Metal.framework/Versions/A/Metal
0x00007fff8a5e5000 	/usr/lib/libate.dylib
0x00007fff8401f000 	/System/Library/PrivateFrameworks/GPUCompiler.framework/libmetal_timestamp.dylib
0x00007fff7a5ca000 	/System/Library/Frameworks/OpenGL.framework/Versions/A/Libraries/libCoreFSCache.dylib
0x00007fff850ae000 	/System/Library/PrivateFrameworks/IOAccelerator.framework/Versions/A/IOAccelerator
0x00007fff77672000 	/System/Library/Frameworks/CoreVideo.framework/Versions/A/CoreVideo
0x00007fff8a30f000 	/usr/lib/libFosl_dynamic.dylib
0x00007fff85cad000 	/System/Library/PrivateFrameworks/MetalPerformanceShaders.framework/Versions/A/MetalPerformanceShaders
0x00007fff82897000 	/System/Library/PrivateFrameworks/FaceCore.framework/Versions/A/FaceCore
0x00007fff7a552000 	/System/Library/Frameworks/OpenCL.framework/Versions/A/OpenCL
0x00007fff7a79d000 	/System/Library/Frameworks/OpenGL.framework/Versions/A/Libraries/libGLU.dylib
0x00007fff7a5d3000 	/System/Library/Frameworks/OpenGL.framework/Versions/A/Libraries/libGFXShared.dylib
0x00007fff7a5dd000 	/System/Library/Frameworks/OpenGL.framework/Versions/A/Libraries/libGL.dylib
0x00007fff7a5e9000 	/System/Library/Frameworks/OpenGL.framework/Versions/A/Libraries/libGLImage.dylib
0x00007fff7a5c7000 	/System/Library/Frameworks/OpenGL.framework/Versions/A/Libraries/libCVMSPluginSupport.dylib
0x00007fff7a5ce000 	/System/Library/Frameworks/OpenGL.framework/Versions/A/Libraries/libCoreVMClient.dylib
0x00007fff822e8000 	/System/Library/PrivateFrameworks/CrashReporterSupport.framework/Versions/A/CrashReporterSupport
0x00007fff87d41000 	/System/Library/PrivateFrameworks/Sharing.framework/Versions/A/Sharing
0x00007fff850cc000 	/System/Library/PrivateFrameworks/IconServices.framework/Versions/A/IconServices
0x00007fff86f8f000 	/System/Library/PrivateFrameworks/ProtocolBuffer.framework/Versions/A/ProtocolBuffer
0x00007fff7f5fd000 	/System/Library/PrivateFrameworks/Apple80211.framework/Versions/A/Apple80211
0x00007fff776a8000 	/System/Library/Frameworks/CoreWLAN.framework/Versions/A/CoreWLAN
0x00007fff82162000 	/System/Library/PrivateFrameworks/CoreUtils.framework/Versions/A/CoreUtils
0x00007fff77e71000 	/System/Library/Frameworks/IOBluetooth.framework/Versions/A/IOBluetooth
0x00007fff82282000 	/System/Library/PrivateFrameworks/CoreWiFi.framework/Versions/A/CoreWiFi
0x00007fff75b59000 	/System/Library/Frameworks/CoreBluetooth.framework/Versions/A/CoreBluetooth
0x00007fff75e6d000 	/System/Library/Frameworks/CoreDisplay.framework/Versions/A/CoreDisplay
0x00007fff850b7000 	/System/Library/PrivateFrameworks/IOPresentment.framework/Versions/A/IOPresentment
0x00007fff82373000 	/System/Library/PrivateFrameworks/DSExternalDisplay.framework/Versions/A/DSExternalDisplay
0x00007fff8245e000 	/System/Library/PrivateFrameworks/DebugSymbols.framework/Versions/A/DebugSymbols
0x00007fff81f92000 	/System/Library/PrivateFrameworks/CoreSymbolication.framework/Versions/A/CoreSymbolication
0x00007fff8893b000 	/System/Library/PrivateFrameworks/Symbolication.framework/Versions/A/Symbolication
0x00007fff7f620000 	/System/Library/PrivateFrameworks/AppleFSCompression.framework/Versions/A/AppleFSCompression
0x00007fff88243000 	/System/Library/PrivateFrameworks/SpeechRecognitionCore.framework/Versions/A/SpeechRecognitionCore
0x00007fff808e8000 	/System/Library/PrivateFrameworks/ChunkingLibrary.framework/Versions/A/ChunkingLibrary
0x0000000110600000 	/Library/Java/JavaVirtualMachines/jdk1.8.0_172.jdk/Contents/Home/jre/lib/server/libjvm.dylib
0x00007fff8b8ad000 	/usr/lib/libstdc++.6.dylib
0x000000010fc32000 	/Library/Java/JavaVirtualMachines/jdk1.8.0_172.jdk/Contents/Home/jre/lib/libverify.dylib
0x000000010fc40000 	/Library/Java/JavaVirtualMachines/jdk1.8.0_172.jdk/Contents/Home/jre/lib/libjava.dylib
0x000000010fc80000 	/Library/Java/JavaVirtualMachines/jdk1.8.0_172.jdk/Contents/Home/jre/lib/libzip.dylib
0x0000000117771000 	/Library/Java/JavaVirtualMachines/jdk1.8.0_172.jdk/Contents/Home/jre/lib/libnet.dylib
0x00000001177d0000 	/Library/Java/JavaVirtualMachines/jdk1.8.0_172.jdk/Contents/Home/jre/lib/libnio.dylib
0x00000001177e0000 	/Users/developer/.gradle/native/25/osx-amd64/libnative-platform.dylib
0x0000000117c0d000 	/Library/Java/JavaVirtualMachines/jdk1.8.0_172.jdk/Contents/Home/jre/lib/libmanagement.dylib
0x0000000118723000 	/Library/Java/JavaVirtualMachines/jdk1.8.0_172.jdk/Contents/Home/jre/lib/libsunec.dylib

VM Arguments:
jvm_args: -XX:+HeapDumpOnOutOfMemoryError -Xmx1024m -Dfile.encoding=UTF-8 -Duser.country=BR -Duser.language=pt -Duser.variant 
java_command: org.gradle.launcher.daemon.bootstrap.GradleDaemon 4.4
java_class_path (initial): /Users/developer/.gradle/wrapper/dists/gradle-4.4-all/9br9xq1tocpiv8o6njlyu5op1/gradle-4.4/lib/gradle-launcher-4.4.jar
Launcher Type: SUN_STANDARD

Environment Variables:
PATH=/usr/local/bin:/usr/bin:/bin:/usr/sbin:/sbin:/opt/X11/bin
SHELL=/bin/bash
DISPLAY=/private/tmp/com.apple.launchd.WQ1XbRLX2P/org.macosforge.xquartz:0

Signal Handlers:
SIGSEGV: [libjvm.dylib+0x5b6fd9], sa_mask[0]=11111111011111110111111111111111, sa_flags=SA_ONSTACK|SA_RESTART|SA_SIGINFO
SIGBUS: [libjvm.dylib+0x5b6fd9], sa_mask[0]=11111111011111110111111111111111, sa_flags=SA_RESTART|SA_SIGINFO
SIGFPE: [libjvm.dylib+0x48c8e8], sa_mask[0]=11111111011111110111111111111111, sa_flags=SA_RESTART|SA_SIGINFO
SIGPIPE: [libjvm.dylib+0x48c8e8], sa_mask[0]=11111111011111110111111111111111, sa_flags=SA_RESTART|SA_SIGINFO
SIGXFSZ: [libjvm.dylib+0x48c8e8], sa_mask[0]=11111111011111110111111111111111, sa_flags=SA_RESTART|SA_SIGINFO
SIGILL: [libjvm.dylib+0x48c8e8], sa_mask[0]=11111111011111110111111111111111, sa_flags=SA_RESTART|SA_SIGINFO
SIGUSR1: SIG_DFL, sa_mask[0]=00000000000000000000000000000000, sa_flags=SA_RESTART
SIGUSR2: [libjvm.dylib+0x48c406], sa_mask[0]=00100000000000000000000000000000, sa_flags=SA_RESTART|SA_SIGINFO
SIGHUP: [libjvm.dylib+0x48a9d1], sa_mask[0]=11111111011111110111111111111111, sa_flags=SA_RESTART|SA_SIGINFO
SIGINT: [libjvm.dylib+0x48a9d1], sa_mask[0]=11111111011111110111111111111111, sa_flags=SA_RESTART|SA_SIGINFO
SIGTERM: [libjvm.dylib+0x48a9d1], sa_mask[0]=11111111011111110111111111111111, sa_flags=SA_RESTART|SA_SIGINFO
SIGQUIT: [libjvm.dylib+0x48a9d1], sa_mask[0]=11111111011111110111111111111111, sa_flags=SA_RESTART|SA_SIGINFO


---------------  S Y S T E M  ---------------

OS:Bsduname:Darwin 16.7.0 Darwin Kernel Version 16.7.0: Thu Jun 15 17:36:27 PDT 2017; root:xnu-3789.70.16~2/RELEASE_X86_64 x86_64
rlimit: STACK 8192k, CORE 0k, NPROC 709, NOFILE 10240, AS infinity
load average:8,25 3,80 3,60

CPU:total 4 (initial active 4) (2 cores per cpu, 2 threads per core) family 6 model 42 stepping 7, cmov, cx8, fxsr, mmx, sse, sse2, sse3, ssse3, sse4.1, sse4.2, popcnt, avx, aes, clmul, ht, tsc, tscinvbit

Memory: 4k page, physical 6291456k(15712k free)

/proc/meminfo:


vm_info: Java HotSpot(TM) 64-Bit Server VM (25.172-b11) for bsd-amd64 JRE (1.8.0_172-b11), built on Mar 28 2018 15:38:02 by "java_re" with gcc 4.2.1 (Based on Apple Inc. build 5658) (LLVM build 2336.11.00)

time: Wed Aug 22 14:53:52 2018
elapsed time: 204 seconds (0d 0h 3m 24s)

